This file contains any messages produced by compilers while
running configure, to aid debugging if configure makes a mistake.

configure:537: checking for gunzip
configure:577: checking for flex
configure:611: checking for yywrap in -ll
configure:630: cc -o conftest    conftest.c -ll   1>&5
/usr/bin/ld: cannot find -ll
collect2: error: ld returned 1 exit status
configure: failed program was:
#line 619 "configure"
#include "confdefs.h"
/* Override any gcc2 internal prototype to avoid an error.  */
/* We use char because int might match the return type of a gcc2
    builtin and then its argument prototype would still apply.  */
char yywrap();

int main() {
yywrap()
; return 0; }
configure:657: checking for bison
configure:657: checking for byacc
configure:690: checking for gcc
configure:803: checking whether the C compiler (gcc  ) works
configure:819: gcc -o conftest    conftest.c  1>&5
configure:816:1: warning: return type defaults to 'int' [-Wimplicit-int]
 main(){return(0);}
 ^~~~
configure:845: checking whether the C compiler (gcc  ) is a cross-compiler
configure:850: checking whether we are using GNU C
configure:859: gcc -E conftest.c
configure:878: checking whether gcc accepts -g
configure:910: checking how to run the C preprocessor
configure:931: gcc -E  conftest.c >/dev/null 2>conftest.out
configure:990: checking whether make sets ${MAKE}
configure:1025: checking for dirent.h that defines DIR
configure:1038: gcc -c -g -O2  conftest.c 1>&5
configure:1063: checking for opendir in -ldir
configure:1082: gcc -o conftest -g -O2   conftest.c -ldir   1>&5
/usr/bin/ld: cannot find -ldir
collect2: error: ld returned 1 exit status
configure: failed program was:
#line 1071 "configure"
#include "confdefs.h"
/* Override any gcc2 internal prototype to avoid an error.  */
/* We use char because int might match the return type of a gcc2
    builtin and then its argument prototype would still apply.  */
char opendir();

int main() {
opendir()
; return 0; }
configure:1146: checking for ANSI C header files
configure:1159: gcc -E  conftest.c >/dev/null 2>conftest.out
configure:1226: gcc -o conftest -g -O2   conftest.c  1>&5
configure: In function 'main':
configure:1221:67: warning: implicit declaration of function 'exit' [-Wimplicit-function-declaration]
 if (XOR (islower (i), ISLOWER (i)) || toupper (i) != TOUPPER (i)) exit(2);
                                                                   ^~~~
configure:1221:67: warning: incompatible implicit declaration of built-in function 'exit'
configure:1221:67: note: include '<stdlib.h>' or provide a declaration of 'exit'
configure:1222:1: warning: incompatible implicit declaration of built-in function 'exit'
 exit (0); }
 ^~~~
configure:1222:1: note: include '<stdlib.h>' or provide a declaration of 'exit'
configure:1250: checking for sys/wait.h that is POSIX.1 compatible
configure:1271: gcc -c -g -O2  conftest.c 1>&5
configure:1295: checking for fcntl.h
configure:1305: gcc -E  conftest.c >/dev/null 2>conftest.out
configure:1295: checking for sys/fcntl.h
configure:1305: gcc -E  conftest.c >/dev/null 2>conftest.out
configure:1295: checking for limits.h
configure:1305: gcc -E  conftest.c >/dev/null 2>conftest.out
configure:1295: checking for sys/time.h
configure:1305: gcc -E  conftest.c >/dev/null 2>conftest.out
configure:1295: checking for sys/select.h
configure:1305: gcc -E  conftest.c >/dev/null 2>conftest.out
configure:1335: checking for getopt.h
configure:1345: gcc -E  conftest.c >/dev/null 2>conftest.out
configure:1373: checking for working const
configure:1427: gcc -c -g -O2  conftest.c 1>&5
configure:1448: checking for uid_t in sys/types.h
configure:1482: checking for pid_t
configure:1515: checking whether time.h and sys/time.h may both be included
configure:1529: gcc -c -g -O2  conftest.c 1>&5
configure:1551: checking whether setvbuf arguments are reversed
configure:1573: gcc -o conftest -g -O2   conftest.c  1>&5
configure:1562:1: warning: return type defaults to 'int' [-Wimplicit-int]
 main () {
 ^~~~
configure: In function 'main':
configure:1566:23: warning: passing argument 2 of 'setvbuf' makes pointer from integer without a cast [-Wint-conversion]
   if (setvbuf(stdout, _IOLBF, (char *) main, BUFSIZ) != 0)
                       ^~~~~~
In file included from configure:1560:0:
/usr/include/stdio.h:294:12: note: expected 'char * restrict' but argument is of type 'int'
 extern int setvbuf (FILE *__restrict __stream, char *__restrict __buf,
            ^~~~~~~
configure:1566:31: warning: passing argument 3 of 'setvbuf' makes integer from pointer without a cast [-Wint-conversion]
   if (setvbuf(stdout, _IOLBF, (char *) main, BUFSIZ) != 0)
                               ^
In file included from configure:1560:0:
/usr/include/stdio.h:294:12: note: expected 'int' but argument is of type 'char *'
 extern int setvbuf (FILE *__restrict __stream, char *__restrict __buf,
            ^~~~~~~
configure:1567:5: warning: implicit declaration of function 'exit' [-Wimplicit-function-declaration]
     exit(1);
     ^~~~
configure:1567:5: warning: incompatible implicit declaration of built-in function 'exit'
configure:1567:5: note: include '<stdlib.h>' or provide a declaration of 'exit'
configure:1569:3: warning: incompatible implicit declaration of built-in function 'exit'
   exit(0);   /* Non-reversed systems segv here.  */
   ^~~~
configure:1569:3: note: include '<stdlib.h>' or provide a declaration of 'exit'
configure: failed program was:
#line 1559 "configure"
#include "confdefs.h"
#include <stdio.h>
/* If setvbuf has the reversed format, exit 0. */
main () {
  /* This call has the arguments reversed.
     A reversed system may check and see that the address of main
     is not _IOLBF, _IONBF, or _IOFBF, and return nonzero.  */
  if (setvbuf(stdout, _IOLBF, (char *) main, BUFSIZ) != 0)
    exit(1);
  putc('\r', stdout);
  exit(0);			/* Non-reversed systems segv here.  */
}
configure:1600: checking for unistd.h
configure:1610: gcc -E  conftest.c >/dev/null 2>conftest.out
configure:1639: checking for getpagesize
configure:1667: gcc -o conftest -g -O2   conftest.c  1>&5
configure:1692: checking for working mmap
configure:1840: gcc -o conftest -g -O2   conftest.c  1>&5
configure:1771:7: warning: conflicting types for built-in function 'malloc' [-Wbuiltin-declaration-mismatch]
 char *malloc();
       ^~~~~~
configure: In function 'main':
configure:1781:13: warning: implicit declaration of function 'getpagesize' [-Wimplicit-function-declaration]
  pagesize = getpagesize();
             ^~~~~~~~~~~
configure:1788:3: warning: implicit declaration of function 'exit' [-Wimplicit-function-declaration]
   exit(1);
   ^~~~
configure:1788:3: warning: incompatible implicit declaration of built-in function 'exit'
configure:1788:3: note: include '<stdlib.h>' or provide a declaration of 'exit'
configure:1790:17: warning: implicit declaration of function 'rand' [-Wimplicit-function-declaration]
   *(data + i) = rand();
                 ^~~~
configure:1791:2: warning: implicit declaration of function 'umask' [-Wimplicit-function-declaration]
  umask(0);
  ^~~~~
configure:1794:3: warning: incompatible implicit declaration of built-in function 'exit'
   exit(1);
   ^~~~
configure:1794:3: note: include '<stdlib.h>' or provide a declaration of 'exit'
configure:1795:6: warning: implicit declaration of function 'write' [-Wimplicit-function-declaration]
  if (write(fd, data, pagesize) != pagesize)
      ^~~~~
configure:1796:3: warning: incompatible implicit declaration of built-in function 'exit'
   exit(1);
   ^~~~
configure:1796:3: note: include '<stdlib.h>' or provide a declaration of 'exit'
configure:1797:2: warning: implicit declaration of function 'close' [-Wimplicit-function-declaration]
  close(fd);
  ^~~~~
configure:1806:3: warning: incompatible implicit declaration of built-in function 'exit'
   exit(1);
   ^~~~
configure:1806:3: note: include '<stdlib.h>' or provide a declaration of 'exit'
configure:1809:3: warning: incompatible implicit declaration of built-in function 'exit'
   exit(1);
   ^~~~
configure:1809:3: note: include '<stdlib.h>' or provide a declaration of 'exit'
configure:1810:24: warning: cast from pointer to integer of different size [-Wpointer-to-int-cast]
  data2 += (pagesize - ((int) data2 & (pagesize - 1))) & (pagesize - 1);
                        ^
configure:1813:3: warning: incompatible implicit declaration of built-in function 'exit'
   exit(1);
   ^~~~
configure:1813:3: note: include '<stdlib.h>' or provide a declaration of 'exit'
configure:1816:4: warning: incompatible implicit declaration of built-in function 'exit'
    exit(1);
    ^~~~
configure:1816:4: note: include '<stdlib.h>' or provide a declaration of 'exit'
configure:1827:3: warning: incompatible implicit declaration of built-in function 'exit'
   exit(1);
   ^~~~
configure:1827:3: note: include '<stdlib.h>' or provide a declaration of 'exit'
configure:1828:6: warning: implicit declaration of function 'read'; did you mean 'creat'? [-Wimplicit-function-declaration]
  if (read(fd, data3, pagesize) != pagesize)
      ^~~~
      creat
configure:1829:3: warning: incompatible implicit declaration of built-in function 'exit'
   exit(1);
   ^~~~
configure:1829:3: note: include '<stdlib.h>' or provide a declaration of 'exit'
configure:1832:4: warning: incompatible implicit declaration of built-in function 'exit'
    exit(1);
    ^~~~
configure:1832:4: note: include '<stdlib.h>' or provide a declaration of 'exit'
configure:1834:2: warning: implicit declaration of function 'unlink'; did you mean 'munlock'? [-Wimplicit-function-declaration]
  unlink("conftestmmap");
  ^~~~~~
  munlock
configure:1835:2: warning: incompatible implicit declaration of built-in function 'exit'
  exit(0);
  ^~~~
configure:1835:2: note: include '<stdlib.h>' or provide a declaration of 'exit'
configure:1865: checking for getcwd
configure:1893: gcc -o conftest -g -O2   conftest.c  1>&5
configure:1865: checking for strdup
configure:1893: gcc -o conftest -g -O2   conftest.c  1>&5
configure:1877:6: warning: conflicting types for built-in function 'strdup' [-Wbuiltin-declaration-mismatch]
 char $ac_func();
      ^~~~~~
configure:1865: checking for strstr
configure:1893: gcc -o conftest -g -O2   conftest.c  1>&5
configure:1877:6: warning: conflicting types for built-in function 'strstr' [-Wbuiltin-declaration-mismatch]
 char $ac_func();
      ^~~~~~
configure:1920: checking for gethostname
configure:1948: gcc -o conftest -g -O2   conftest.c  1>&5
configure:1920: checking for gethostbyname
configure:1948: gcc -o conftest -g -O2   conftest.c  1>&5
configure:1920: checking for select
configure:1948: gcc -o conftest -g -O2   conftest.c  1>&5
configure:1920: checking for socket
configure:1948: gcc -o conftest -g -O2   conftest.c  1>&5
configure:1920: checking for inet_aton
configure:1948: gcc -o conftest -g -O2   conftest.c  1>&5
configure:1975: checking for scandir
configure:2003: gcc -o conftest -g -O2   conftest.c  1>&5
configure:1975: checking for alphasort
configure:2003: gcc -o conftest -g -O2   conftest.c  1>&5
configure:2035: checking for tm.tm_gmtoff
configure:2071: gcc -c -g -O2  conftest.c 1>&5
configure:2110: checking for tm.tm_zone
configure:2147: gcc -c -g -O2  conftest.c 1>&5
configure:2186: checking for sockaddr_in.sin_len
configure:2214: gcc -c -g -O2  conftest.c 1>&5
configure: In function 'main':
configure:2209:8: error: 'struct sockaddr_in' has no member named 'sin_len'; did you mean 'sin_zero'?
 testit.sin_len $defineit;
        ^~~~~~~
        sin_zero
configure: failed program was:
#line 2199 "configure"
#include "confdefs.h"


#include <sys/types.h>
#include <netinet/in.h>


int main() {

struct sockaddr_in testit;
testit.sin_len = 0;

; return 0; }
configure:2441: checking compile and link profiling code
configure:2463: checking whether to compile and link debugging code
configure:2486: checking whether to link with the Dmalloc memory debugger/profiler
configure:2552: checking whether to link with the Electric Fence memory debugger
